ERROR 2026-03-20T21:03:34.832+00:00 ThreadId(6) [1P:op-settings/src/store/json_store.rs:82] Os { code: 2, kind: NotFound, message: "No such file or directory" }
INFO  2026-03-20T21:03:34.832+00:00 ThreadId(6) [1P:op-settings/src/store/json_store.rs:118] Settings file "/home/<redacted-username>/.config/1Password/settings/settings.json" missing, using defaults.
INFO  2026-03-20T21:03:34.833+00:00 ThreadId(6) [client:typescript] Client starting.
ERROR 2026-03-20T21:03:35.324+00:00 ThreadId(6) [1P:op-crash-reporting/src/crash_report.rs:156] Failed to load crash reports from disk: Os { code: 2, kind: NotFound, message: "No such file or directory" }
INFO  2026-03-20T21:03:35.325+00:00 ThreadId(6) [1P:op-localization/src/lib.rs:240] system locale detected as 'en-US'
INFO  2026-03-20T21:03:35.325+00:00 ThreadId(6) [1P:op-localization/src/lib.rs:266] selected translations for EN_US based on detected locale en-US
INFO  2026-03-20T21:03:35.325+00:00 ThreadId(6) [status:app/op-app/src/app.rs:1074] App::new(1Password for Linux/81206039 (EN_US), /home/<redacted-username>/.config/1Password)
INFO  2026-03-20T21:03:35.327+00:00 1p-enable-crash-reporter(ThreadId(9)) [1P:op-b5-client/src/b5_client/features/mod.rs:384] Using feature-rollout-service for pre-registration features.
WARN  2026-03-20T21:03:35.327+00:00 1p-enable-crash-reporter(ThreadId(9)) [1P:op-b5-client/src/b5_client/features/mod.rs:443] Device UUID missing; setting headers to omit device UUID for pre-reg features request to service.
INFO  2026-03-20T21:03:35.363+00:00 ThreadId(6) [1P:data/op-db/src/sqlite.rs:265] Core DB Integrity Check Succeeded
INFO  2026-03-20T21:03:35.363+00:00 ThreadId(6) [1P:data/op-db/src/sqlite.rs:359] Starting Core DB at version: 0
INFO  2026-03-20T21:03:35.386+00:00 ThreadId(6) [1P:data/op-db/src/sqlite.rs:376] Updated Core DB Schema to version 1
INFO  2026-03-20T21:03:35.392+00:00 ThreadId(6) [1P:data/op-db/src/sqlite.rs:376] Updated Core DB Schema to version 2
INFO  2026-03-20T21:03:35.402+00:00 ThreadId(6) [1P:data/op-db/src/sqlite.rs:376] Updated Core DB Schema to version 3
INFO  2026-03-20T21:03:35.409+00:00 ThreadId(6) [1P:data/op-db/src/sqlite.rs:376] Updated Core DB Schema to version 4
INFO  2026-03-20T21:03:35.415+00:00 ThreadId(6) [1P:data/op-db/src/sqlite.rs:376] Updated Core DB Schema to version 5
INFO  2026-03-20T21:03:35.424+00:00 ThreadId(6) [1P:data/op-db/src/sqlite.rs:376] Updated Core DB Schema to version 6
INFO  2026-03-20T21:03:35.431+00:00 ThreadId(6) [1P:data/op-db/src/sqlite.rs:376] Updated Core DB Schema to version 7
INFO  2026-03-20T21:03:35.436+00:00 ThreadId(6) [1P:data/op-db/src/sqlite.rs:376] Updated Core DB Schema to version 8
INFO  2026-03-20T21:03:35.445+00:00 ThreadId(6) [1P:data/op-db/src/sqlite.rs:376] Updated Core DB Schema to version 9
INFO  2026-03-20T21:03:35.452+00:00 ThreadId(6) [1P:data/op-db/src/sqlite.rs:376] Updated Core DB Schema to version 10
INFO  2026-03-20T21:03:35.461+00:00 ThreadId(6) [1P:data/op-db/src/sqlite.rs:376] Updated Core DB Schema to version 11
INFO  2026-03-20T21:03:35.468+00:00 ThreadId(6) [1P:data/op-db/src/sqlite.rs:376] Updated Core DB Schema to version 12
INFO  2026-03-20T21:03:35.478+00:00 ThreadId(6) [1P:data/op-db/src/sqlite.rs:376] Updated Core DB Schema to version 13
INFO  2026-03-20T21:03:35.485+00:00 ThreadId(6) [1P:data/op-db/src/sqlite.rs:376] Updated Core DB Schema to version 14
INFO  2026-03-20T21:03:35.494+00:00 ThreadId(6) [1P:data/op-db/src/sqlite.rs:376] Updated Core DB Schema to version 15
INFO  2026-03-20T21:03:35.505+00:00 ThreadId(6) [1P:data/op-db/src/sqlite.rs:376] Updated Core DB Schema to version 16
INFO  2026-03-20T21:03:35.513+00:00 ThreadId(6) [1P:data/op-db/src/sqlite.rs:376] Updated Core DB Schema to version 17
INFO  2026-03-20T21:03:35.523+00:00 ThreadId(6) [1P:data/op-db/src/sqlite.rs:376] Updated Core DB Schema to version 18
INFO  2026-03-20T21:03:35.533+00:00 ThreadId(6) [1P:data/op-db/src/sqlite.rs:376] Updated Core DB Schema to version 19
INFO  2026-03-20T21:03:35.540+00:00 ThreadId(6) [1P:data/op-db/src/sqlite.rs:376] Updated Core DB Schema to version 20
INFO  2026-03-20T21:03:35.550+00:00 ThreadId(6) [1P:data/op-db/src/sqlite.rs:376] Updated Core DB Schema to version 21
INFO  2026-03-20T21:03:35.561+00:00 ThreadId(6) [1P:data/op-db/src/sqlite.rs:376] Updated Core DB Schema to version 22
INFO  2026-03-20T21:03:35.572+00:00 ThreadId(6) [1P:data/op-db/src/sqlite.rs:376] Updated Core DB Schema to version 23
INFO  2026-03-20T21:03:35.579+00:00 ThreadId(6) [1P:data/op-db/src/sqlite.rs:376] Updated Core DB Schema to version 24
INFO  2026-03-20T21:03:35.590+00:00 ThreadId(6) [1P:data/op-db/src/sqlite.rs:376] Updated Core DB Schema to version 25
INFO  2026-03-20T21:03:35.600+00:00 ThreadId(6) [1P:data/op-db/src/sqlite.rs:376] Updated Core DB Schema to version 26
INFO  2026-03-20T21:03:35.611+00:00 ThreadId(6) [1P:data/op-db/src/sqlite.rs:376] Updated Core DB Schema to version 27
INFO  2026-03-20T21:03:35.620+00:00 1p-enable-crash-reporter(ThreadId(9)) [1P:op-crash-reporting/src/crash_handler.rs:276] Started crash handler thread
INFO  2026-03-20T21:03:35.623+00:00 ThreadId(6) [1P:data/op-db/src/sqlite.rs:376] Updated Core DB Schema to version 28
INFO  2026-03-20T21:03:35.636+00:00 ThreadId(6) [1P:data/op-db/src/sqlite.rs:376] Updated Core DB Schema to version 29
INFO  2026-03-20T21:03:35.648+00:00 ThreadId(6) [1P:data/op-db/src/sqlite.rs:376] Updated Core DB Schema to version 30
INFO  2026-03-20T21:03:35.657+00:00 ThreadId(6) [1P:data/op-db/src/sqlite.rs:376] Updated Core DB Schema to version 31
INFO  2026-03-20T21:03:35.667+00:00 ThreadId(6) [1P:data/op-db/src/sqlite.rs:376] Updated Core DB Schema to version 32
INFO  2026-03-20T21:03:35.681+00:00 ThreadId(6) [1P:data/op-db/src/sqlite.rs:376] Updated Core DB Schema to version 33
INFO  2026-03-20T21:03:35.693+00:00 ThreadId(6) [1P:data/op-db/src/sqlite.rs:376] Updated Core DB Schema to version 34
INFO  2026-03-20T21:03:35.704+00:00 ThreadId(6) [1P:data/op-db/src/sqlite.rs:376] Updated Core DB Schema to version 35
INFO  2026-03-20T21:03:35.712+00:00 ThreadId(6) [1P:data/op-db/src/sqlite.rs:376] Updated Core DB Schema to version 36
INFO  2026-03-20T21:03:35.723+00:00 ThreadId(6) [1P:data/op-db/src/sqlite.rs:376] Updated Core DB Schema to version 37
INFO  2026-03-20T21:03:35.731+00:00 ThreadId(6) [1P:data/op-db/src/sqlite.rs:376] Updated Core DB Schema to version 38
INFO  2026-03-20T21:03:35.742+00:00 ThreadId(6) [1P:data/op-db/src/sqlite.rs:376] Updated Core DB Schema to version 39
INFO  2026-03-20T21:03:35.754+00:00 ThreadId(6) [1P:data/op-db/src/sqlite.rs:376] Updated Core DB Schema to version 40
INFO  2026-03-20T21:03:35.768+00:00 ThreadId(6) [1P:data/op-db/src/sqlite.rs:376] Updated Core DB Schema to version 41
INFO  2026-03-20T21:03:35.781+00:00 ThreadId(6) [1P:data/op-db/src/sqlite.rs:376] Updated Core DB Schema to version 42
INFO  2026-03-20T21:03:35.795+00:00 ThreadId(6) [1P:data/op-db/src/sqlite.rs:376] Updated Core DB Schema to version 43
INFO  2026-03-20T21:03:35.805+00:00 ThreadId(6) [1P:data/op-db/src/sqlite.rs:376] Updated Core DB Schema to version 44
INFO  2026-03-20T21:03:35.817+00:00 ThreadId(6) [1P:data/op-db/src/sqlite.rs:376] Updated Core DB Schema to version 45
INFO  2026-03-20T21:03:35.831+00:00 ThreadId(6) [1P:data/op-db/src/sqlite.rs:376] Updated Core DB Schema to version 46
INFO  2026-03-20T21:03:35.836+00:00 ThreadId(6) [1P:data/op-db/src/sqlite.rs:376] Updated Core DB Schema to version 47
INFO  2026-03-20T21:03:35.843+00:00 ThreadId(6) [1P:data/op-db/src/sqlite.rs:376] Updated Core DB Schema to version 48
INFO  2026-03-20T21:03:35.848+00:00 ThreadId(6) [1P:data/op-db/src/sqlite.rs:376] Updated Core DB Schema to version 49
INFO  2026-03-20T21:03:35.856+00:00 ThreadId(6) [1P:data/op-db/src/sqlite.rs:376] Updated Core DB Schema to version 50
INFO  2026-03-20T21:03:35.888+00:00 ThreadId(6) [1P:data/op-db/src/sqlite.rs:376] Updated Core DB Schema to version 51
INFO  2026-03-20T21:03:35.897+00:00 ThreadId(6) [1P:data/op-db/src/sqlite.rs:376] Updated Core DB Schema to version 52
INFO  2026-03-20T21:03:35.902+00:00 ThreadId(6) [1P:data/op-db/src/sqlite.rs:376] Updated Core DB Schema to version 53
INFO  2026-03-20T21:03:35.910+00:00 ThreadId(6) [1P:data/op-db/src/sqlite.rs:376] Updated Core DB Schema to version 54
INFO  2026-03-20T21:03:35.918+00:00 ThreadId(6) [1P:data/op-db/src/sqlite.rs:376] Updated Core DB Schema to version 55
INFO  2026-03-20T21:03:35.923+00:00 ThreadId(6) [1P:data/op-db/src/sqlite.rs:376] Updated Core DB Schema to version 56
INFO  2026-03-20T21:03:35.932+00:00 ThreadId(6) [1P:data/op-db/src/sqlite.rs:376] Updated Core DB Schema to version 57
INFO  2026-03-20T21:03:35.939+00:00 ThreadId(6) [1P:data/op-db/src/sqlite.rs:376] Updated Core DB Schema to version 58
INFO  2026-03-20T21:03:35.949+00:00 ThreadId(6) [1P:data/op-db/src/sqlite.rs:376] Updated Core DB Schema to version 59
INFO  2026-03-20T21:03:35.959+00:00 ThreadId(6) [1P:data/op-db/src/sqlite.rs:376] Updated Core DB Schema to version 60
INFO  2026-03-20T21:03:35.972+00:00 ThreadId(6) [1P:data/op-db/src/sqlite.rs:376] Updated Core DB Schema to version 61
INFO  2026-03-20T21:03:35.973+00:00 ThreadId(6) [1P:data/op-db/src/sqlite.rs:234] Core DB Table Integrity Check Succeeded
INFO  2026-03-20T21:03:36.009+00:00 ThreadId(6) [1P:data/op-db/src/sqlite.rs:265] Resources DB Integrity Check Succeeded
INFO  2026-03-20T21:03:36.010+00:00 ThreadId(6) [1P:data/op-db/src/sqlite.rs:234] Resources DB Table Integrity Check Succeeded
INFO  2026-03-20T21:03:36.010+00:00 ThreadId(6) [1P:data/op-db/src/sqlite.rs:359] Starting Resources DB at version: 0
INFO  2026-03-20T21:03:36.030+00:00 ThreadId(6) [1P:data/op-db/src/sqlite.rs:376] Updated Resources DB Schema to version 1
INFO  2026-03-20T21:03:36.040+00:00 ThreadId(6) [1P:data/op-db/src/sqlite.rs:376] Updated Resources DB Schema to version 2
INFO  2026-03-20T21:03:36.047+00:00 ThreadId(6) [1P:data/op-db/src/sqlite.rs:376] Updated Resources DB Schema to version 3
INFO  2026-03-20T21:03:36.058+00:00 ThreadId(6) [1P:ssh/op-ssh-config/src/lib.rs:380] agent not configured
INFO  2026-03-20T21:03:36.059+00:00 runtime-worker(ThreadId(4)) [1P:op-b5-client/src/b5_client/features/mod.rs:384] Using feature-rollout-service for pre-registration features.
INFO  2026-03-20T21:03:36.060+00:00 ThreadId(6) [1P:native-messaging/op-nm-installer/src/nix_utils.rs:48] Creating manifest directory for Chromium at /home/<redacted-username>/.config/google-chrome/NativeMessagingHosts
INFO  2026-03-20T21:03:36.060+00:00 ThreadId(6) [1P:native-messaging/op-nm-installer/src/nix_utils.rs:68] Created NMH manifest at /home/<redacted-username>/.config/google-chrome/NativeMessagingHosts/com.1password.1password.json
INFO  2026-03-20T21:03:36.060+00:00 ThreadId(6) [1P:native-messaging/op-nm-installer/src/nix_utils.rs:48] Creating manifest directory for Chromium at /home/<redacted-username>/.config/google-chrome-beta/NativeMessagingHosts
INFO  2026-03-20T21:03:36.060+00:00 ThreadId(6) [1P:native-messaging/op-nm-installer/src/nix_utils.rs:68] Created NMH manifest at /home/<redacted-username>/.config/google-chrome-beta/NativeMessagingHosts/com.1password.1password.json
INFO  2026-03-20T21:03:36.060+00:00 ThreadId(6) [1P:native-messaging/op-nm-installer/src/nix_utils.rs:48] Creating manifest directory for Chromium at /home/<redacted-username>/.config/google-chrome-unstable/NativeMessagingHosts
INFO  2026-03-20T21:03:36.060+00:00 ThreadId(6) [1P:native-messaging/op-nm-installer/src/nix_utils.rs:68] Created NMH manifest at /home/<redacted-username>/.config/google-chrome-unstable/NativeMessagingHosts/com.1password.1password.json
INFO  2026-03-20T21:03:36.060+00:00 ThreadId(6) [1P:native-messaging/op-nm-installer/src/nix_utils.rs:48] Creating manifest directory for Chromium at /home/<redacted-username>/.config/chromium/NativeMessagingHosts
INFO  2026-03-20T21:03:36.061+00:00 ThreadId(6) [1P:native-messaging/op-nm-installer/src/nix_utils.rs:68] Created NMH manifest at /home/<redacted-username>/.config/chromium/NativeMessagingHosts/com.1password.1password.json
INFO  2026-03-20T21:03:36.061+00:00 ThreadId(6) [1P:native-messaging/op-nm-installer/src/nix_utils.rs:48] Creating manifest directory for Chromium at /home/<redacted-username>/.config/microsoft-edge-dev/NativeMessagingHosts
INFO  2026-03-20T21:03:36.061+00:00 ThreadId(6) [1P:native-messaging/op-nm-installer/src/nix_utils.rs:68] Created NMH manifest at /home/<redacted-username>/.config/microsoft-edge-dev/NativeMessagingHosts/com.1password.1password.json
INFO  2026-03-20T21:03:36.061+00:00 ThreadId(6) [1P:native-messaging/op-nm-installer/src/nix_utils.rs:48] Creating manifest directory for Chromium at /home/<redacted-username>/.config/BraveSoftware/Brave-Browser/NativeMessagingHosts
INFO  2026-03-20T21:03:36.061+00:00 ThreadId(6) [1P:native-messaging/op-nm-installer/src/nix_utils.rs:68] Created NMH manifest at /home/<redacted-username>/.config/BraveSoftware/Brave-Browser/NativeMessagingHosts/com.1password.1password.json
INFO  2026-03-20T21:03:36.061+00:00 ThreadId(6) [1P:native-messaging/op-nm-installer/src/nix_utils.rs:48] Creating manifest directory for Chromium at /home/<redacted-username>/.config/vivaldi/NativeMessagingHosts
INFO  2026-03-20T21:03:36.061+00:00 ThreadId(6) [1P:native-messaging/op-nm-installer/src/nix_utils.rs:68] Created NMH manifest at /home/<redacted-username>/.config/vivaldi/NativeMessagingHosts/com.1password.1password.json
INFO  2026-03-20T21:03:36.061+00:00 ThreadId(6) [1P:native-messaging/op-nm-installer/src/nix_utils.rs:48] Creating manifest directory for Chromium at /home/<redacted-username>/.config/vivaldi-snapshot/NativeMessagingHosts
INFO  2026-03-20T21:03:36.061+00:00 ThreadId(6) [1P:native-messaging/op-nm-installer/src/nix_utils.rs:68] Created NMH manifest at /home/<redacted-username>/.config/vivaldi-snapshot/NativeMessagingHosts/com.1password.1password.json
INFO  2026-03-20T21:03:36.062+00:00 ThreadId(6) [1P:native-messaging/op-nm-installer/src/nix_utils.rs:48] Creating manifest directory for Firefox at /home/<redacted-username>/.mozilla/native-messaging-hosts
INFO  2026-03-20T21:03:36.062+00:00 ThreadId(6) [1P:native-messaging/op-nm-installer/src/nix_utils.rs:68] Created NMH manifest at /home/<redacted-username>/.mozilla/native-messaging-hosts/com.1password.1password.json
INFO  2026-03-20T21:03:36.062+00:00 ThreadId(6) [1P:native-messaging/op-nm-installer/src/nix_utils.rs:83] Successfully installed all native messaging manifests.
INFO  2026-03-20T21:03:36.062+00:00 ThreadId(6) [1P:app/op-app/src/app.rs:1757] initializing Developer Environment mount handler
INFO  2026-03-20T21:03:36.062+00:00 runtime-worker(ThreadId(2)) [1P:op-global-shortcuts/src/node.rs:38] Global shortcut registration is not available on this system.
INFO  2026-03-20T21:03:36.062+00:00 runtime-worker(ThreadId(2)) [1P:op-global-shortcuts/src/node.rs:38] Global shortcut registration is not available on this system.
INFO  2026-03-20T21:03:36.063+00:00 runtime-worker(ThreadId(1)) [1P:native-messaging/op-nm-installer/src/nix_utils.rs:68] Created NMH manifest at /home/<redacted-username>/.config/google-chrome/NativeMessagingHosts/com.1password.1password.json
INFO  2026-03-20T21:03:36.063+00:00 runtime-worker(ThreadId(1)) [1P:native-messaging/op-nm-installer/src/nix_utils.rs:68] Created NMH manifest at /home/<redacted-username>/.config/google-chrome-beta/NativeMessagingHosts/com.1password.1password.json
INFO  2026-03-20T21:03:36.063+00:00 runtime-worker(ThreadId(1)) [1P:native-messaging/op-nm-installer/src/nix_utils.rs:68] Created NMH manifest at /home/<redacted-username>/.config/google-chrome-unstable/NativeMessagingHosts/com.1password.1password.json
INFO  2026-03-20T21:03:36.063+00:00 runtime-worker(ThreadId(1)) [1P:native-messaging/op-nm-installer/src/nix_utils.rs:68] Created NMH manifest at /home/<redacted-username>/.config/chromium/NativeMessagingHosts/com.1password.1password.json
INFO  2026-03-20T21:03:36.063+00:00 runtime-worker(ThreadId(1)) [1P:native-messaging/op-nm-installer/src/nix_utils.rs:68] Created NMH manifest at /home/<redacted-username>/.config/microsoft-edge-dev/NativeMessagingHosts/com.1password.1password.json
INFO  2026-03-20T21:03:36.063+00:00 runtime-worker(ThreadId(1)) [1P:native-messaging/op-nm-installer/src/nix_utils.rs:68] Created NMH manifest at /home/<redacted-username>/.config/BraveSoftware/Brave-Browser/NativeMessagingHosts/com.1password.1password.json
INFO  2026-03-20T21:03:36.063+00:00 runtime-worker(ThreadId(1)) [1P:native-messaging/op-nm-installer/src/nix_utils.rs:68] Created NMH manifest at /home/<redacted-username>/.config/vivaldi/NativeMessagingHosts/com.1password.1password.json
INFO  2026-03-20T21:03:36.063+00:00 runtime-worker(ThreadId(1)) [1P:native-messaging/op-nm-installer/src/nix_utils.rs:68] Created NMH manifest at /home/<redacted-username>/.config/vivaldi-snapshot/NativeMessagingHosts/com.1password.1password.json
INFO  2026-03-20T21:03:36.064+00:00 runtime-worker(ThreadId(1)) [1P:native-messaging/op-nm-installer/src/nix_utils.rs:68] Created NMH manifest at /home/<redacted-username>/.mozilla/native-messaging-hosts/com.1password.1password.json
INFO  2026-03-20T21:03:36.064+00:00 runtime-worker(ThreadId(1)) [1P:native-messaging/op-nm-installer/src/nix_utils.rs:83] Successfully installed all native messaging manifests.
INFO  2026-03-20T21:03:36.065+00:00 runtime-worker(ThreadId(1)) [1P:app/op-app-common/src/unlocked_session_keepalive.rs:70] Starting unlocked session keepalive
ERROR 2026-03-20T21:03:36.069+00:00 runtime-worker(ThreadId(4)) [1P:native-messaging/op-native-core-integration/src/lib.rs:762] Listener on SETTING_STATUS has been dropped, unable to communicate changes made to browser SLS setting
INFO  2026-03-20T21:03:36.069+00:00 runtime-worker(ThreadId(3)) [1P:native-messaging/op-native-core-integration/src/lib.rs:568] Starting IPC listener on 1Password-BrowserSupport
ERROR 2026-03-20T21:03:36.070+00:00 ThreadId(6) [1P:ffi/op-core-node/src/lib.rs:559] Io(Os { code: 2, kind: NotFound, message: "No such file or directory" })
INFO  2026-03-20T21:03:36.070+00:00 runtime-worker(ThreadId(2)) [1P:native-messaging/op-native-core-integration/src/lib.rs:580] Active native core integration is awaiting messages
INFO  2026-03-20T21:03:36.070+00:00 runtime-worker(ThreadId(3)) [1P:ssh/op-agent-controller/src/lib.rs:584] Starting filesystem watcher for SSH agent configuration directories...
ERROR 2026-03-20T21:03:36.071+00:00 runtime-worker(ThreadId(3)) [1P:/mnt/ephemeral/builds/dev/core/core/ssh/op-agent-controller/src/lib.rs:585] Io(Os { code: 2, kind: NotFound, message: "No such file or directory" })
ERROR 2026-03-20T21:03:36.283+00:00 ThreadId(6) [client:typescript] Could not load window state.
INFO  2026-03-20T21:03:43.752+00:00 runtime-worker(ThreadId(3)) [1P:app/op-app/src/app/backend/mycelium/unauthorized_device_start.rs:93] MYCELIUM UNAUTHORIZED DEVICE FORWARD FLOW SIGN-IN -- starting new sign-in session
INFO  2026-03-20T21:03:43.752+00:00 runtime-worker(ThreadId(3)) [1P:foundation/op-feature-gate/src/feature_store.rs:913] MYCELIUM PRE-REGISTRATION FLAGS: Reading forward flag value as true
INFO  2026-03-20T21:03:43.752+00:00 runtime-worker(ThreadId(3)) [1P:app/op-app/src/app/backend/task_handle.rs:48] Starting mycelium-active-sign-in task
INFO  2026-03-20T21:03:43.752+00:00 runtime-worker(ThreadId(3)) [1P:app/op-app/src/app/backend/mycelium/unauthorized_device_start.rs:275] MYCELIUM UNAUTHORIZED DEVICE FORWARD FLOW SIGN-IN -- starting channel create loop
INFO  2026-03-20T21:03:44.034+00:00 runtime-worker(ThreadId(4)) [1P:app/op-app/src/app/backend/mycelium/unauthorized_device_start.rs:292] MYCELIUM UNAUTHORIZED DEVICE FORWARD FLOW SIGN-IN -- created Mycelium channel on region code Com
INFO  2026-03-20T21:04:10.008+00:00 runtime-worker(ThreadId(4)) [1P:app/op-app/src/app/backend/mycelium/unauthorized_device_start.rs:337] MYCELIUM UNAUTHORIZED DEVICE FORWARD FLOW SIGN-IN -- LFM4YGKZLUAWIDE2SAC2IQMSTE channel connected
INFO  2026-03-20T21:04:15.365+00:00 runtime-worker(ThreadId(3)) [1P:app/op-app/src/app/backend/mycelium/unauthorized_device_start.rs:232] MYCELIUM UNAUTHORIZED DEVICE FORWARD FLOW SIGN-IN -- allow device prompt accepted and credentials successfully received
INFO  2026-03-20T21:04:15.784+00:00 runtime-worker(ThreadId(4)) [1P:op-b5-client/src/internal/unauthorized_session/auth_flow.rs:830] Registered device 4aztdp5lnhaq6ebujbkhwg4xem
INFO  2026-03-20T21:04:16.471+00:00 runtime-worker(ThreadId(4)) [1P:app/op-app/src/mfa_ui.rs:113] Available MFA methods for desktop: [MfaSelector { text: <String>, response: Webauthn { context: <MfaWebauthnContext> } }]
INFO  2026-03-20T21:04:16.471+00:00 runtime-worker(ThreadId(4)) [1P:op-b5-client/src/internal/unauthorized_session/auth_flow.rs:1195] Multi-factor authentication method has been selected.
INFO  2026-03-20T21:04:16.471+00:00 runtime-worker(ThreadId(4)) [1P:app/op-app/src/mfa_ui.rs:172] Prompting user for MFA
INFO  2026-03-20T21:05:00.296+00:00 runtime-worker(ThreadId(2)) [1P:op-b5-client/src/internal/unauthorized_session/auth_flow.rs:1258] Verifying device secret (MFA) with server...
INFO  2026-03-20T21:05:00.444+00:00 runtime-worker(ThreadId(4)) [1P:op-b5-client/src/internal/unauthorized_session/auth_flow.rs:915] Device secret was verified
INFO  2026-03-20T21:05:00.482+00:00 runtime-worker(ThreadId(4)) [1P:op-b5-client/src/internal/unauthorized_session/auth_flow.rs:924] 2FA authentication completed, 2FA token is now in system keyring
INFO  2026-03-20T21:05:00.483+00:00 runtime-worker(ThreadId(3)) [1P:data/op-add-account/src/first_sync.rs:479] starting initial account sync
INFO  2026-03-20T21:05:01.464+00:00 runtime-worker(ThreadId(4)) [1P:native-messaging/op-nm-settings/src/lib.rs:190] Account len modified 0 vs 1
INFO  2026-03-20T21:05:01.464+00:00 runtime-worker(ThreadId(4)) [1P:native-messaging/op-nm-settings/src/lib.rs:147] Initial account added, defining default SLS state
INFO  2026-03-20T21:05:01.464+00:00 runtime-worker(ThreadId(1)) [1P:native-messaging/op-native-core-integration/src/lib.rs:586] Setting has been toggled on/off, restarting native core integration
INFO  2026-03-20T21:05:01.464+00:00 runtime-worker(ThreadId(2)) [1P:native-messaging/op-nm-installer/src/nix_utils.rs:104] Removed NMH manifest at /home/<redacted-username>/.config/google-chrome/NativeMessagingHosts/com.1password.1password.json
INFO  2026-03-20T21:05:01.464+00:00 runtime-worker(ThreadId(1)) [1P:native-messaging/op-native-core-integration/src/lib.rs:518] Mute native core integration is waiting for a restartable event
INFO  2026-03-20T21:05:01.464+00:00 runtime-worker(ThreadId(2)) [1P:native-messaging/op-nm-installer/src/nix_utils.rs:104] Removed NMH manifest at /home/<redacted-username>/.config/google-chrome-beta/NativeMessagingHosts/com.1password.1password.json
INFO  2026-03-20T21:05:01.465+00:00 runtime-worker(ThreadId(2)) [1P:native-messaging/op-nm-installer/src/nix_utils.rs:104] Removed NMH manifest at /home/<redacted-username>/.config/google-chrome-unstable/NativeMessagingHosts/com.1password.1password.json
INFO  2026-03-20T21:05:01.465+00:00 runtime-worker(ThreadId(2)) [1P:native-messaging/op-nm-installer/src/nix_utils.rs:104] Removed NMH manifest at /home/<redacted-username>/.config/chromium/NativeMessagingHosts/com.1password.1password.json
INFO  2026-03-20T21:05:01.465+00:00 runtime-worker(ThreadId(2)) [1P:native-messaging/op-nm-installer/src/nix_utils.rs:104] Removed NMH manifest at /home/<redacted-username>/.config/microsoft-edge-dev/NativeMessagingHosts/com.1password.1password.json
INFO  2026-03-20T21:05:01.465+00:00 runtime-worker(ThreadId(2)) [1P:native-messaging/op-nm-installer/src/nix_utils.rs:104] Removed NMH manifest at /home/<redacted-username>/.config/BraveSoftware/Brave-Browser/NativeMessagingHosts/com.1password.1password.json
INFO  2026-03-20T21:05:01.465+00:00 runtime-worker(ThreadId(2)) [1P:native-messaging/op-nm-installer/src/nix_utils.rs:104] Removed NMH manifest at /home/<redacted-username>/.config/vivaldi/NativeMessagingHosts/com.1password.1password.json
INFO  2026-03-20T21:05:01.465+00:00 runtime-worker(ThreadId(2)) [1P:native-messaging/op-nm-installer/src/nix_utils.rs:104] Removed NMH manifest at /home/<redacted-username>/.config/vivaldi-snapshot/NativeMessagingHosts/com.1password.1password.json
INFO  2026-03-20T21:05:01.465+00:00 runtime-worker(ThreadId(2)) [1P:native-messaging/op-nm-installer/src/nix_utils.rs:104] Removed NMH manifest at /home/<redacted-username>/.mozilla/native-messaging-hosts/com.1password.1password.json
INFO  2026-03-20T21:05:01.466+00:00 runtime-worker(ThreadId(2)) [1P:native-messaging/op-nm-installer/src/nix_utils.rs:124] Removed 9 Native Messaging Host manifests
INFO  2026-03-20T21:05:01.621+00:00 runtime-worker(ThreadId(3)) [1P:data/op-syncer/src/sync_job.rs:477] synced account 72MYFQFNXZF7JJ27MXSXU45UZI (1.016772807s)
INFO  2026-03-20T21:05:02.230+00:00 runtime-worker(ThreadId(2)) [1P:/mnt/ephemeral/builds/dev/core/core/data/ext/op-account-ext-settings-authentication/src/lib.rs:241] loaded settings authentication key: none
INFO  2026-03-20T21:05:02.230+00:00 runtime-worker(ThreadId(4)) [1P:data/ext/op-account-ext-items/src/lib.rs:290] loaded 0 items in 6 vaults for account: 72MYFQFNXZF7JJ27MXSXU45UZI
INFO  2026-03-20T21:05:02.231+00:00 runtime-worker(ThreadId(2)) [1P:service/op-service-sync/src/lib.rs:153] starting refresher task during initial account sign-in
INFO  2026-03-20T21:05:02.231+00:00 runtime-worker(ThreadId(1)) [1P:op-telemetry/src/middleware/opt_state.rs:122] op-telemetry: account uuid '72MYFQFNXZF7JJ27MXSXU45UZI' changed telemetry state to Decided(In)
ERROR 2026-03-20T21:05:02.231+00:00 runtime-worker(ThreadId(2)) [1P:/mnt/ephemeral/builds/dev/core/core/policies/op-policies/src/policies.rs:58] Failed to get PolicyAuthenticationKey from any account
INFO  2026-03-20T21:05:02.231+00:00 runtime-worker(ThreadId(4)) [1P:app/op-app/src/app/backend/mycelium/shared.rs:530] Mycelium Sign-in succeeded
INFO  2026-03-20T21:05:02.232+00:00 runtime-worker(ThreadId(4)) [1P:app/op-app/src/app/backend/task_handle.rs:40] Finished mycelium-active-sign-in task
ERROR 2026-03-20T21:05:02.233+00:00 runtime-worker(ThreadId(4)) [1P:op-auto-lock/src/linux.rs:220] Could not connect to the X server: XcbEventError
INFO  2026-03-20T21:05:02.233+00:00 runtime-worker(ThreadId(1)) [1P:data/ext/op-account-ext-settings-authentication/src/lib.rs:363] No and/or corrupt account setting authentication key, generating a new one.
INFO  2026-03-20T21:05:02.233+00:00 runtime-worker(ThreadId(1)) [1P:data/ext/op-account-ext-settings-authentication/src/lib.rs:381] applying setting authentication key (e9e30910e8baf4d0) to account (72MYFQFNXZF7JJ27MXSXU45UZI).
INFO  2026-03-20T21:05:02.235+00:00 runtime-worker(ThreadId(1)) [1P:op-settings/src/store/json_store.rs:787] initializing settings authentication with key e9e30910e8baf4d0
INFO  2026-03-20T21:05:02.237+00:00 runtime-worker(ThreadId(2)) [1P:app/op-app/src/app/backend/unlock.rs:196] Lock state changed: Unlocked
ERROR 2026-03-20T21:05:02.237+00:00 runtime-worker(ThreadId(1)) [1P:op-settings/src/store/json_store.rs:82] Os { code: 2, kind: NotFound, message: "No such file or directory" }
INFO  2026-03-20T21:05:02.238+00:00 runtime-worker(ThreadId(2)) [1P:op-settings/src/store/json_store.rs:118] Settings file "/home/<redacted-username>/.config/1Password/settings/settings.json" missing, using defaults.
INFO  2026-03-20T21:05:02.239+00:00 runtime-worker(ThreadId(4)) [1P:native-messaging/op-native-core-integration/src/lib.rs:526] Setting has been toggled on/off, restarting native core integration
INFO  2026-03-20T21:05:02.239+00:00 runtime-worker(ThreadId(4)) [1P:native-messaging/op-native-core-integration/src/lib.rs:568] Starting IPC listener on 1Password-BrowserSupport
INFO  2026-03-20T21:05:02.240+00:00 runtime-worker(ThreadId(4)) [1P:native-messaging/op-nm-installer/src/nix_utils.rs:68] Created NMH manifest at /home/<redacted-username>/.config/google-chrome/NativeMessagingHosts/com.1password.1password.json
INFO  2026-03-20T21:05:02.240+00:00 runtime-worker(ThreadId(4)) [1P:native-messaging/op-nm-installer/src/nix_utils.rs:68] Created NMH manifest at /home/<redacted-username>/.config/google-chrome-beta/NativeMessagingHosts/com.1password.1password.json
INFO  2026-03-20T21:05:02.240+00:00 runtime-worker(ThreadId(4)) [1P:native-messaging/op-nm-installer/src/nix_utils.rs:68] Created NMH manifest at /home/<redacted-username>/.config/google-chrome-unstable/NativeMessagingHosts/com.1password.1password.json
INFO  2026-03-20T21:05:02.240+00:00 runtime-worker(ThreadId(4)) [1P:native-messaging/op-nm-installer/src/nix_utils.rs:68] Created NMH manifest at /home/<redacted-username>/.config/chromium/NativeMessagingHosts/com.1password.1password.json
INFO  2026-03-20T21:05:02.240+00:00 runtime-worker(ThreadId(4)) [1P:native-messaging/op-nm-installer/src/nix_utils.rs:68] Created NMH manifest at /home/<redacted-username>/.config/microsoft-edge-dev/NativeMessagingHosts/com.1password.1password.json
INFO  2026-03-20T21:05:02.240+00:00 runtime-worker(ThreadId(4)) [1P:native-messaging/op-nm-installer/src/nix_utils.rs:68] Created NMH manifest at /home/<redacted-username>/.config/BraveSoftware/Brave-Browser/NativeMessagingHosts/com.1password.1password.json
INFO  2026-03-20T21:05:02.240+00:00 runtime-worker(ThreadId(4)) [1P:native-messaging/op-nm-installer/src/nix_utils.rs:68] Created NMH manifest at /home/<redacted-username>/.config/vivaldi/NativeMessagingHosts/com.1password.1password.json
INFO  2026-03-20T21:05:02.240+00:00 runtime-worker(ThreadId(4)) [1P:native-messaging/op-nm-installer/src/nix_utils.rs:68] Created NMH manifest at /home/<redacted-username>/.config/vivaldi-snapshot/NativeMessagingHosts/com.1password.1password.json
INFO  2026-03-20T21:05:02.241+00:00 runtime-worker(ThreadId(2)) [1P:op-settings/src/store/json_store.rs:75] Settings file created @ 2026-03-20 21:05:02.238242869 UTC and last modified @ 2026-03-20 21:05:02.238242869 UTC
INFO  2026-03-20T21:05:02.241+00:00 runtime-worker(ThreadId(4)) [1P:native-messaging/op-nm-installer/src/nix_utils.rs:68] Created NMH manifest at /home/<redacted-username>/.mozilla/native-messaging-hosts/com.1password.1password.json
INFO  2026-03-20T21:05:02.242+00:00 runtime-worker(ThreadId(4)) [1P:native-messaging/op-nm-installer/src/nix_utils.rs:83] Successfully installed all native messaging manifests.
INFO  2026-03-20T21:05:02.242+00:00 runtime-worker(ThreadId(1)) [1P:native-messaging/op-native-core-integration/src/lib.rs:580] Active native core integration is awaiting messages
INFO  2026-03-20T21:05:02.242+00:00 runtime-worker(ThreadId(1)) [1P:native-messaging/op-native-core-integration/src/lib.rs:586] Setting has been toggled on/off, restarting native core integration
INFO  2026-03-20T21:05:02.242+00:00 runtime-worker(ThreadId(1)) [1P:native-messaging/op-native-core-integration/src/lib.rs:568] Starting IPC listener on 1Password-BrowserSupport
INFO  2026-03-20T21:05:02.242+00:00 runtime-worker(ThreadId(4)) [1P:native-messaging/op-nm-installer/src/nix_utils.rs:68] Created NMH manifest at /home/<redacted-username>/.config/google-chrome/NativeMessagingHosts/com.1password.1password.json
INFO  2026-03-20T21:05:02.242+00:00 runtime-worker(ThreadId(4)) [1P:native-messaging/op-nm-installer/src/nix_utils.rs:68] Created NMH manifest at /home/<redacted-username>/.config/google-chrome-beta/NativeMessagingHosts/com.1password.1password.json
INFO  2026-03-20T21:05:02.243+00:00 runtime-worker(ThreadId(4)) [1P:native-messaging/op-nm-installer/src/nix_utils.rs:68] Created NMH manifest at /home/<redacted-username>/.config/google-chrome-unstable/NativeMessagingHosts/com.1password.1password.json
INFO  2026-03-20T21:05:02.243+00:00 runtime-worker(ThreadId(4)) [1P:native-messaging/op-nm-installer/src/nix_utils.rs:68] Created NMH manifest at /home/<redacted-username>/.config/chromium/NativeMessagingHosts/com.1password.1password.json
INFO  2026-03-20T21:05:02.243+00:00 runtime-worker(ThreadId(3)) [1P:native-messaging/op-native-core-integration/src/lib.rs:580] Active native core integration is awaiting messages
INFO  2026-03-20T21:05:02.243+00:00 runtime-worker(ThreadId(4)) [1P:native-messaging/op-nm-installer/src/nix_utils.rs:68] Created NMH manifest at /home/<redacted-username>/.config/microsoft-edge-dev/NativeMessagingHosts/com.1password.1password.json
INFO  2026-03-20T21:05:02.243+00:00 runtime-worker(ThreadId(4)) [1P:native-messaging/op-nm-installer/src/nix_utils.rs:68] Created NMH manifest at /home/<redacted-username>/.config/BraveSoftware/Brave-Browser/NativeMessagingHosts/com.1password.1password.json
INFO  2026-03-20T21:05:02.243+00:00 runtime-worker(ThreadId(4)) [1P:native-messaging/op-nm-installer/src/nix_utils.rs:68] Created NMH manifest at /home/<redacted-username>/.config/vivaldi/NativeMessagingHosts/com.1password.1password.json
INFO  2026-03-20T21:05:02.243+00:00 runtime-worker(ThreadId(4)) [1P:native-messaging/op-nm-installer/src/nix_utils.rs:68] Created NMH manifest at /home/<redacted-username>/.config/vivaldi-snapshot/NativeMessagingHosts/com.1password.1password.json
INFO  2026-03-20T21:05:02.244+00:00 runtime-worker(ThreadId(4)) [1P:native-messaging/op-nm-installer/src/nix_utils.rs:68] Created NMH manifest at /home/<redacted-username>/.mozilla/native-messaging-hosts/com.1password.1password.json
INFO  2026-03-20T21:05:02.244+00:00 runtime-worker(ThreadId(4)) [1P:native-messaging/op-nm-installer/src/nix_utils.rs:83] Successfully installed all native messaging manifests.
INFO  2026-03-20T21:05:02.244+00:00 runtime-worker(ThreadId(3)) [1P:app/op-app/src/app/backend/essential_setup.rs:191] SLS Migration Result: NotRequired
INFO  2026-03-20T21:05:02.268+00:00 ThreadId(6) [client:typescript] Settings file changed.
INFO  2026-03-20T21:05:02.490+00:00 runtime-worker(ThreadId(2)) [1P:data/ext/op-account-ext-syncer/src/lib.rs:250] The B5 Notifier for (72MYFQFNXZF7JJ27MXSXU45UZI) has connected, now monitoring for events.
INFO  2026-03-20T21:05:02.557+00:00 runtime-worker(ThreadId(2)) [1P:app/op-app/src/app/backend/unlock.rs:290] Processing unlocked account 72MYFQFNXZF7JJ27MXSXU45UZI
INFO  2026-03-20T21:05:02.697+00:00 runtime-worker(ThreadId(3)) [1P:op-b5-client/src/b5_client/features/mod.rs:384] Using feature-rollout-service for pre-registration features.
INFO  2026-03-20T21:05:02.905+00:00 runtime-worker(ThreadId(57)) [1P:app/op-app/src/app/backend/quick_access.rs:186] Getting suggestions for quick access
INFO  2026-03-20T21:05:02.936+00:00 runtime-worker(ThreadId(56)) [1P:app/op-app/src/app/backend/quick_access.rs:186] Getting suggestions for quick access
INFO  2026-03-20T21:05:03.026+00:00 runtime-worker(ThreadId(1)) [1P:app/op-app/src/app/backend/unlock.rs:418] Auto-lock duration recieved one-time update
INFO  2026-03-20T21:05:03.026+00:00 runtime-worker(ThreadId(4)) [1P:op-settings/src/store/json_store.rs:75] Settings file created @ 2026-03-20 21:05:02.238242869 UTC and last modified @ 2026-03-20 21:05:02.238242869 UTC
INFO  2026-03-20T21:05:03.027+00:00 runtime-worker(ThreadId(4)) [1P:op-settings/src/store/json_store.rs:75] Settings file created @ 2026-03-20 21:05:02.238242869 UTC and last modified @ 2026-03-20 21:05:03.026238929 UTC
INFO  2026-03-20T21:05:03.064+00:00 runtime-worker(ThreadId(57)) [1P:app/op-app/src/app/backend/quick_access.rs:186] Getting suggestions for quick access
INFO  2026-03-20T21:05:04.454+00:00 runtime-worker(ThreadId(2)) [1P:data/op-syncer/src/sync_job.rs:477] synced account 72MYFQFNXZF7JJ27MXSXU45UZI (2.101050901s)
INFO  2026-03-20T21:05:04.454+00:00 runtime-worker(ThreadId(4)) [1P:op-file-transfer/src/lib.rs:730] find_and_complete_pending_uploads: '72MYFQFNXZF7JJ27MXSXU45UZI'
INFO  2026-03-20T21:05:04.455+00:00 runtime-worker(ThreadId(2)) [1P:service/op-service-sync/src/lib.rs:163] shutting down refresher task
INFO  2026-03-20T21:05:04.464+00:00 runtime-worker(ThreadId(57)) [1P:app/op-app/src/app/backend/quick_access.rs:186] Getting suggestions for quick access
INFO  2026-03-20T21:05:04.597+00:00 runtime-worker(ThreadId(2)) [1P:data/op-syncer/src/sync_job.rs:477] synced account 72MYFQFNXZF7JJ27MXSXU45UZI (0.015879064s)
INFO  2026-03-20T21:05:04.605+00:00 runtime-worker(ThreadId(65)) [1P:app/op-app/src/app/backend/quick_access.rs:186] Getting suggestions for quick access
INFO  2026-03-20T21:05:24.966+00:00 runtime-worker(ThreadId(4)) [1P:op-settings/src/store/json_store.rs:75] Settings file created @ 2026-03-20 21:05:02.238242869 UTC and last modified @ 2026-03-20 21:05:03.026238929 UTC
INFO  2026-03-20T21:05:24.967+00:00 runtime-worker(ThreadId(2)) [1P:op-settings/src/store/json_store.rs:75] Settings file created @ 2026-03-20 21:05:02.238242869 UTC and last modified @ 2026-03-20 21:05:24.967140130 UTC
INFO  2026-03-20T21:05:24.968+00:00 ThreadId(6) [client:typescript] Settings file changed.
INFO  2026-03-20T21:05:26.245+00:00 runtime-worker(ThreadId(2)) [1P:data/op-account-system-unlock/src/lib.rs:776] Adding system unlock key. Verifying keysets can be decrypted.
INFO  2026-03-20T21:05:26.247+00:00 runtime-worker(ThreadId(2)) [1P:data/op-account-system-unlock/src/lib.rs:782] Adding system unlock key. Encrypting muk.
INFO  2026-03-20T21:05:26.248+00:00 ThreadId(11) [1P:data/op-account-system-unlock/src/lib.rs:788] Adding system unlock key. Updating account.
INFO  2026-03-20T21:05:30.116+00:00 runtime-worker(ThreadId(2)) [1P:app/op-app/src/app/backend/frontend.rs:22] Front end event: window closed
ERROR 2026-03-20T21:06:19.849+00:00 ThreadId(6) [1P:op-crash-reporting/src/crash_handler.rs:257] Failed to prepare for requesting dump
