2026-03-20 14:29:38.131 [info] [main] Log level: Info
2026-03-20 14:29:38.131 [info] [main] Validating found git in: "git"
2026-03-20 14:29:38.131 [info] [main] Using git "2.53.0" from "git"
2026-03-20 14:29:38.131 [info] [Model][doInitialScan] Initial repository scan started
2026-03-20 14:29:38.131 [info] > git rev-parse --show-toplevel [11ms]
2026-03-20 14:29:38.131 [info] fatal: not a git repository (or any parent up to mount point /)
Stopping at filesystem boundary (GIT_DISCOVERY_ACROSS_FILESYSTEM not set).
2026-03-20 14:29:38.139 [info] > git rev-parse --show-toplevel [1ms]
2026-03-20 14:29:38.139 [info] fatal: not a git repository (or any parent up to mount point /)
Stopping at filesystem boundary (GIT_DISCOVERY_ACROSS_FILESYSTEM not set).
2026-03-20 14:29:38.146 [info] > git rev-parse --show-toplevel [2ms]
2026-03-20 14:29:38.146 [info] fatal: not a git repository (or any parent up to mount point /)
Stopping at filesystem boundary (GIT_DISCOVERY_ACROSS_FILESYSTEM not set).
2026-03-20 14:29:38.151 [info] > git rev-parse --show-toplevel [2ms]
2026-03-20 14:29:38.152 [info] fatal: not a git repository (or any parent up to mount point /)
Stopping at filesystem boundary (GIT_DISCOVERY_ACROSS_FILESYSTEM not set).
2026-03-20 14:29:38.158 [info] > git rev-parse --show-toplevel [1ms]
2026-03-20 14:29:38.158 [info] fatal: not a git repository (or any parent up to mount point /)
Stopping at filesystem boundary (GIT_DISCOVERY_ACROSS_FILESYSTEM not set).
2026-03-20 14:29:38.163 [info] > git rev-parse --show-toplevel [2ms]
2026-03-20 14:29:38.163 [info] fatal: not a git repository (or any parent up to mount point /)
Stopping at filesystem boundary (GIT_DISCOVERY_ACROSS_FILESYSTEM not set).
2026-03-20 14:29:38.168 [info] > git rev-parse --show-toplevel [1ms]
2026-03-20 14:29:38.168 [info] fatal: not a git repository (or any parent up to mount point /)
Stopping at filesystem boundary (GIT_DISCOVERY_ACROSS_FILESYSTEM not set).
2026-03-20 14:29:38.174 [info] > git rev-parse --show-toplevel [1ms]
2026-03-20 14:29:38.174 [info] fatal: not a git repository (or any parent up to mount point /)
Stopping at filesystem boundary (GIT_DISCOVERY_ACROSS_FILESYSTEM not set).
2026-03-20 14:29:38.180 [info] > git rev-parse --show-toplevel [2ms]
2026-03-20 14:29:38.180 [info] fatal: not a git repository (or any parent up to mount point /)
Stopping at filesystem boundary (GIT_DISCOVERY_ACROSS_FILESYSTEM not set).
2026-03-20 14:29:38.186 [info] > git rev-parse --show-toplevel [2ms]
2026-03-20 14:29:38.186 [info] fatal: not a git repository (or any parent up to mount point /)
Stopping at filesystem boundary (GIT_DISCOVERY_ACROSS_FILESYSTEM not set).
2026-03-20 14:29:38.192 [info] > git rev-parse --show-toplevel [2ms]
2026-03-20 14:29:38.192 [info] fatal: not a git repository (or any parent up to mount point /)
Stopping at filesystem boundary (GIT_DISCOVERY_ACROSS_FILESYSTEM not set).
2026-03-20 14:29:38.199 [info] > git rev-parse --show-toplevel [3ms]
2026-03-20 14:29:38.199 [info] fatal: not a git repository (or any parent up to mount point /)
Stopping at filesystem boundary (GIT_DISCOVERY_ACROSS_FILESYSTEM not set).
2026-03-20 14:29:38.204 [info] > git rev-parse --show-toplevel [1ms]
2026-03-20 14:29:38.204 [info] fatal: not a git repository (or any parent up to mount point /)
Stopping at filesystem boundary (GIT_DISCOVERY_ACROSS_FILESYSTEM not set).
2026-03-20 14:29:38.210 [info] > git rev-parse --show-toplevel [2ms]
2026-03-20 14:29:38.210 [info] fatal: not a git repository (or any parent up to mount point /)
Stopping at filesystem boundary (GIT_DISCOVERY_ACROSS_FILESYSTEM not set).
2026-03-20 14:29:38.215 [info] > git rev-parse --show-toplevel [2ms]
2026-03-20 14:29:38.215 [info] fatal: not a git repository (or any parent up to mount point /)
Stopping at filesystem boundary (GIT_DISCOVERY_ACROSS_FILESYSTEM not set).
2026-03-20 14:29:38.220 [info] > git rev-parse --show-toplevel [2ms]
2026-03-20 14:29:38.220 [info] fatal: not a git repository (or any parent up to mount point /)
Stopping at filesystem boundary (GIT_DISCOVERY_ACROSS_FILESYSTEM not set).
2026-03-20 14:29:38.226 [info] > git rev-parse --show-toplevel [2ms]
2026-03-20 14:29:38.226 [info] fatal: not a git repository (or any parent up to mount point /)
Stopping at filesystem boundary (GIT_DISCOVERY_ACROSS_FILESYSTEM not set).
2026-03-20 14:29:38.232 [info] > git rev-parse --show-toplevel [1ms]
2026-03-20 14:29:38.242 [info] > git rev-parse --git-dir --git-common-dir --show-superproject-working-tree [3ms]
2026-03-20 14:29:38.279 [info] [Model][openRepository] Opened repository (path): /home/zain/dotfiles
2026-03-20 14:29:38.279 [info] [Model][openRepository] Opened repository (real path): /home/zain/dotfiles
2026-03-20 14:29:38.279 [info] [Model][openRepository] Opened repository (kind): repository
2026-03-20 14:29:38.286 [info] [Model][doInitialScan] Initial repository scan completed - repositories (1), closed repositories (0), parent repositories (0), unsafe repositories (0)
2026-03-20 14:29:38.298 [info] > git config --get commit.template [5ms]
2026-03-20 14:29:38.309 [info] > git for-each-ref --format=%(refname)%00%(upstream:short)%00%(objectname)%00%(upstream:track)%00%(upstream:remotename)%00%(upstream:remoteref) refs/heads/main refs/remotes/main [4ms]
2026-03-20 14:29:38.316 [warning] [Git][revParse] Unable to read file: ENOENT: no such file or directory, open '/home/zain/dotfiles/.git/refs/remotes/origin/main'
2026-03-20 14:29:38.318 [info] > git rev-parse refs/remotes/origin/main [2ms]
2026-03-20 14:29:38.335 [info] > git status -z -uall [9ms]
2026-03-20 14:29:38.341 [info] > git for-each-ref --sort -committerdate --format %(refname)%00%(objectname)%00%(*objectname) [8ms]
2026-03-20 14:29:38.397 [info] > git for-each-ref --format=%(refname)%00%(upstream:short)%00%(objectname)%00%(upstream:track)%00%(upstream:remotename)%00%(upstream:remoteref) refs/heads/main refs/remotes/main [20ms]
2026-03-20 14:29:38.412 [info] > git config --get --local branch.main.vscode-merge-base [7ms]
2026-03-20 14:29:38.412 [warning] [Git][config] git config failed: Failed to execute git
2026-03-20 14:29:38.419 [info] > git config --get commit.template [23ms]
2026-03-20 14:29:38.431 [info] > git reflog main --grep-reflog=branch: Created from *. [13ms]
2026-03-20 14:29:38.439 [info] > git for-each-ref --format=%(refname)%00%(upstream:short)%00%(objectname)%00%(upstream:track)%00%(upstream:remotename)%00%(upstream:remoteref) refs/heads/main refs/remotes/main [11ms]
2026-03-20 14:29:38.444 [warning] [Git][revParse] Unable to read file: ENOENT: no such file or directory, open '/home/zain/dotfiles/.git/refs/remotes/origin/main'
2026-03-20 14:29:38.445 [info] > git symbolic-ref --short refs/remotes/origin/HEAD [8ms]
2026-03-20 14:29:38.450 [info] > git rev-parse refs/remotes/origin/main [5ms]
2026-03-20 14:29:38.459 [info] > git status -z -uall [6ms]
2026-03-20 14:29:38.460 [info] > git for-each-ref --format=%(refname)%00%(upstream:short)%00%(objectname)%00%(upstream:track)%00%(upstream:remotename)%00%(upstream:remoteref) refs/heads/origin/main refs/remotes/origin/main [11ms]
2026-03-20 14:29:38.465 [info] > git for-each-ref --sort -committerdate --format %(refname)%00%(objectname)%00%(*objectname) [7ms]
2026-03-20 14:29:38.474 [info] > git config --add --local branch.main.vscode-merge-base origin/main [8ms]
2026-03-20 14:29:38.483 [info] > git config --get commit.template [2ms]
2026-03-20 14:29:38.489 [info] > git for-each-ref --format=%(refname)%00%(upstream:short)%00%(objectname)%00%(upstream:track)%00%(upstream:remotename)%00%(upstream:remoteref) refs/heads/main refs/remotes/main [1ms]
2026-03-20 14:29:38.493 [warning] [Git][revParse] Unable to read file: ENOENT: no such file or directory, open '/home/zain/dotfiles/.git/refs/remotes/origin/main'
2026-03-20 14:29:38.495 [info] > git rev-parse refs/remotes/origin/main [2ms]
2026-03-20 14:29:38.504 [info] > git status -z -uall [5ms]
2026-03-20 14:29:38.507 [info] > git for-each-ref --sort -committerdate --format %(refname)%00%(objectname)%00%(*objectname) [4ms]
2026-03-20 14:29:38.527 [info] > git merge-base refs/heads/main refs/remotes/origin/main [9ms]
2026-03-20 14:29:38.535 [info] > git diff --raw --numstat --diff-filter=ADMR -z --find-renames=50% 1c12583aaf0539dc3fcd445fa0b52dc6c22f1836...refs/remotes/origin/main -- [3ms]
2026-03-20 14:29:38.536 [info] > git merge-base refs/heads/main refs/remotes/origin/main [10ms]
2026-03-20 14:29:38.545 [info] > git diff --raw --numstat --diff-filter=ADMR -z --find-renames=50% 1c12583aaf0539dc3fcd445fa0b52dc6c22f1836...refs/remotes/origin/main -- [3ms]
2026-03-20 14:29:38.850 [info] > git check-ignore -v -z --stdin [4ms]
2026-03-20 14:29:39.628 [info] > git config --get commit.template [10ms]
2026-03-20 14:29:39.629 [info] > git for-each-ref --format=%(refname)%00%(upstream:short)%00%(objectname)%00%(upstream:track)%00%(upstream:remotename)%00%(upstream:remoteref) refs/heads/main refs/remotes/main [3ms]
2026-03-20 14:29:39.634 [warning] [Git][revParse] Unable to read file: ENOENT: no such file or directory, open '/home/zain/dotfiles/.git/refs/remotes/origin/main'
2026-03-20 14:29:39.635 [info] > git rev-parse refs/remotes/origin/main [1ms]
2026-03-20 14:29:39.646 [info] > git status -z -uall [6ms]
2026-03-20 14:29:39.647 [info] > git for-each-ref --sort -committerdate --format %(refname)%00%(objectname)%00%(*objectname) [2ms]
2026-03-20 14:29:54.458 [info] > git rev-parse --show-toplevel [3ms]
2026-03-20 14:29:54.458 [info] fatal: not a git repository (or any parent up to mount point /)
Stopping at filesystem boundary (GIT_DISCOVERY_ACROSS_FILESYSTEM not set).
2026-03-20 14:31:30.575 [info] > git config --get commit.template [8ms]
2026-03-20 14:31:30.576 [info] > git for-each-ref --format=%(refname)%00%(upstream:short)%00%(objectname)%00%(upstream:track)%00%(upstream:remotename)%00%(upstream:remoteref) refs/heads/main refs/remotes/main [3ms]
2026-03-20 14:31:30.582 [warning] [Git][revParse] Unable to read file: ENOENT: no such file or directory, open '/home/zain/dotfiles/.git/refs/remotes/origin/main'
2026-03-20 14:31:30.584 [info] > git rev-parse refs/remotes/origin/main [2ms]
2026-03-20 14:31:30.598 [info] > git status -z -uall [8ms]
2026-03-20 14:31:30.600 [info] > git for-each-ref --sort -committerdate --format %(refname)%00%(objectname)%00%(*objectname) [4ms]
2026-03-20 14:32:45.588 [info] > git config --get commit.template [11ms]
2026-03-20 14:32:45.589 [info] > git for-each-ref --format=%(refname)%00%(upstream:short)%00%(objectname)%00%(upstream:track)%00%(upstream:remotename)%00%(upstream:remoteref) refs/heads/main refs/remotes/main [3ms]
2026-03-20 14:32:45.596 [warning] [Git][revParse] Unable to read file: ENOENT: no such file or directory, open '/home/zain/dotfiles/.git/refs/remotes/origin/main'
2026-03-20 14:32:45.599 [info] > git rev-parse refs/remotes/origin/main [3ms]
2026-03-20 14:32:45.613 [info] > git status -z -uall [7ms]
2026-03-20 14:32:45.615 [info] > git for-each-ref --sort -committerdate --format %(refname)%00%(objectname)%00%(*objectname) [2ms]
2026-03-20 14:38:19.054 [info] > git config --get commit.template [10ms]
2026-03-20 14:38:19.057 [info] > git for-each-ref --format=%(refname)%00%(upstream:short)%00%(objectname)%00%(upstream:track)%00%(upstream:remotename)%00%(upstream:remoteref) refs/heads/main refs/remotes/main [6ms]
2026-03-20 14:38:19.064 [warning] [Git][revParse] Unable to read file: ENOENT: no such file or directory, open '/home/zain/dotfiles/.git/refs/remotes/origin/main'
2026-03-20 14:38:19.066 [info] > git rev-parse refs/remotes/origin/main [3ms]
2026-03-20 14:38:19.085 [info] > git for-each-ref --sort -committerdate --format %(refname)%00%(objectname)%00%(*objectname) [3ms]
2026-03-20 14:38:19.121 [info] > git status -z -uall [47ms]
2026-03-20 14:38:24.241 [info] > git config --get commit.template [9ms]
2026-03-20 14:38:24.242 [info] > git for-each-ref --format=%(refname)%00%(upstream:short)%00%(objectname)%00%(upstream:track)%00%(upstream:remotename)%00%(upstream:remoteref) refs/heads/main refs/remotes/main [2ms]
2026-03-20 14:38:24.250 [warning] [Git][revParse] Unable to read file: ENOENT: no such file or directory, open '/home/zain/dotfiles/.git/refs/remotes/origin/main'
2026-03-20 14:38:24.251 [info] > git rev-parse refs/remotes/origin/main [1ms]
2026-03-20 14:38:24.263 [info] > git for-each-ref --sort -committerdate --format %(refname)%00%(objectname)%00%(*objectname) [2ms]
2026-03-20 14:38:24.282 [info] > git status -z -uall [26ms]
